<?xml version="1.0" encoding="UTF-8"?>
<testsuite name="pwcg.aar.inmission.phase2.logeval.pilotstatus.AARPilotStatusWoundedEvaluatorTest" tests="4" skipped="0" failures="0" errors="0" timestamp="2017-11-24T16:48:20" hostname="DigitalStorm-PC" time="0.974">
  <properties/>
  <testcase name="testCrewMemberNotWounded" classname="pwcg.aar.inmission.phase2.logeval.pilotstatus.AARPilotStatusWoundedEvaluatorTest" time="0.242"/>
  <testcase name="testCrewMemberSeriouslyWounded" classname="pwcg.aar.inmission.phase2.logeval.pilotstatus.AARPilotStatusWoundedEvaluatorTest" time="0.249"/>
  <testcase name="testCrewMemberWoundedLowerBound" classname="pwcg.aar.inmission.phase2.logeval.pilotstatus.AARPilotStatusWoundedEvaluatorTest" time="0.24"/>
  <testcase name="testCrewMemberWoundedUpperBound" classname="pwcg.aar.inmission.phase2.logeval.pilotstatus.AARPilotStatusWoundedEvaluatorTest" time="0.242"/>
  <system-out><![CDATA[]]></system-out>
  <system-err><![CDATA[]]></system-err>
</testsuite>
