<?xml version="1.0" encoding="UTF-8"?>
<testsuite name="pwcg.campaign.context.AceManagerTest" tests="8" skipped="0" failures="0" errors="0" timestamp="2017-11-24T16:49:35" hostname="DigitalStorm-PC" time="4.022">
  <properties/>
  <testcase name="testActiveAcesForSquadron" classname="pwcg.campaign.context.AceManagerTest" time="0.506"/>
  <testcase name="testActiveAcesForSquadronButAceIsDead" classname="pwcg.campaign.context.AceManagerTest" time="0.496"/>
  <testcase name="testAceByName" classname="pwcg.campaign.context.AceManagerTest" time="0.509"/>
  <testcase name="testHistoricalAces" classname="pwcg.campaign.context.AceManagerTest" time="0.494"/>
  <testcase name="testSquadronsCommandedByAce" classname="pwcg.campaign.context.AceManagerTest" time="0.499"/>
  <testcase name="testAcesKilled" classname="pwcg.campaign.context.AceManagerTest" time="0.514"/>
  <testcase name="testHistoricalAceByName" classname="pwcg.campaign.context.AceManagerTest" time="0.495"/>
  <testcase name="testAllAcesForSquadron" classname="pwcg.campaign.context.AceManagerTest" time="0.508"/>
  <system-out><![CDATA[]]></system-out>
  <system-err><![CDATA[]]></system-err>
</testsuite>
