<?xml version="1.0" encoding="UTF-8"?>
<testsuite name="pwcg.aar.phase1.parser.AARLogParserTest" tests="2" skipped="0" failures="0" errors="0" timestamp="2017-09-10T23:49:05" hostname="DigitalStorm-PC" time="0.009">
  <properties/>
  <testcase name="testLogParseFileNotFound" classname="pwcg.aar.phase1.parser.AARLogParserTest" time="0.002"/>
  <testcase name="testSuccessfulLogParse" classname="pwcg.aar.phase1.parser.AARLogParserTest" time="0.007"/>
  <system-out><![CDATA[]]></system-out>
  <system-err><![CDATA[]]></system-err>
</testsuite>
