<?xml version="1.0" encoding="UTF-8"?>
<testsuite name="pwcg.aar.inmission.phase3.reconcile.victories.AiDeclarationResolutionRandomTest" tests="2" skipped="0" failures="0" errors="0" timestamp="2017-11-24T16:48:28" hostname="DigitalStorm-PC" time="0.0">
  <properties/>
  <testcase name="testAiRandomVictoryAward" classname="pwcg.aar.inmission.phase3.reconcile.victories.AiDeclarationResolutionRandomTest" time="0.0"/>
  <testcase name="testAiRandomVictoryAwardFailedBecusePlaneNotFound" classname="pwcg.aar.inmission.phase3.reconcile.victories.AiDeclarationResolutionRandomTest" time="0.0"/>
  <system-out><![CDATA[]]></system-out>
  <system-err><![CDATA[]]></system-err>
</testsuite>
