<?xml version="1.0" encoding="UTF-8"?>
<testsuite name="pwcg.aar.phase3.reconcile.victories.AiDeclarationResolutionFuzzyTest" tests="5" skipped="0" failures="0" errors="0" timestamp="2017-09-10T23:49:08" hostname="DigitalStorm-PC" time="0.006">
  <properties/>
  <testcase name="testAiFuzzyVictoryAwardFailedBecuseVictorIsNotSquadronMember" classname="pwcg.aar.phase3.reconcile.victories.AiDeclarationResolutionFuzzyTest" time="0.001"/>
  <testcase name="testAiOneFuzzyVictoryPerCrewAward" classname="pwcg.aar.phase3.reconcile.victories.AiDeclarationResolutionFuzzyTest" time="0.001"/>
  <testcase name="testAiFuzzyVictoryAwardFailedBecuseAllConfirmed" classname="pwcg.aar.phase3.reconcile.victories.AiDeclarationResolutionFuzzyTest" time="0.0"/>
  <testcase name="testAiOnlyOneFuzzyVictoryAward" classname="pwcg.aar.phase3.reconcile.victories.AiDeclarationResolutionFuzzyTest" time="0.0"/>
  <testcase name="testAiFuzzyVictoryAwardFailedBecuseNoCrewOtherThanPlayer" classname="pwcg.aar.phase3.reconcile.victories.AiDeclarationResolutionFuzzyTest" time="0.0"/>
  <system-out><![CDATA[]]></system-out>
  <system-err><![CDATA[]]></system-err>
</testsuite>
