<?xml version="1.0" encoding="UTF-8"?>
<testsuite name="pwcg.aar.outofmission.phase2.transfer.HistoricalAceTransferHandlerTest" tests="2" skipped="0" failures="0" errors="0" timestamp="2017-11-24T16:49:18" hostname="DigitalStorm-PC" time="1.062">
  <properties/>
  <testcase name="testDayBeforeKarlSchaferTransferToJasta28" classname="pwcg.aar.outofmission.phase2.transfer.HistoricalAceTransferHandlerTest" time="0.445"/>
  <testcase name="testKarlSchaferTransferToJasta28" classname="pwcg.aar.outofmission.phase2.transfer.HistoricalAceTransferHandlerTest" time="0.617"/>
  <system-out><![CDATA[]]></system-out>
  <system-err><![CDATA[]]></system-err>
</testsuite>
