<?xml version="1.0" encoding="UTF-8"?>
<testsuite name="pwcg.aar.inmission.phase2.logeval.AARChronologicalEventListBuilderTest" tests="1" skipped="0" failures="0" errors="0" timestamp="2017-11-24T16:48:10" hostname="DigitalStorm-PC" time="0.261">
  <properties/>
  <testcase name="testChronologicalEventBuild" classname="pwcg.aar.inmission.phase2.logeval.AARChronologicalEventListBuilderTest" time="0.261"/>
  <system-out><![CDATA[]]></system-out>
  <system-err><![CDATA[]]></system-err>
</testsuite>
