<?xml version="1.0" encoding="UTF-8"?>
<testsuite name="pwcg.aar.inmission.phase3.reconcile.victories.AiDeclarationResolutionFuzzyTest" tests="5" skipped="0" failures="0" errors="0" timestamp="2017-11-24T16:48:26" hostname="DigitalStorm-PC" time="1.209">
  <properties/>
  <testcase name="testAiFuzzyVictoryAwardFailedBecuseVictorIsNotSquadronMember" classname="pwcg.aar.inmission.phase3.reconcile.victories.AiDeclarationResolutionFuzzyTest" time="0.239"/>
  <testcase name="testAiOneFuzzyVictoryPerCrewAward" classname="pwcg.aar.inmission.phase3.reconcile.victories.AiDeclarationResolutionFuzzyTest" time="0.249"/>
  <testcase name="testAiFuzzyVictoryAwardFailedBecuseAllConfirmed" classname="pwcg.aar.inmission.phase3.reconcile.victories.AiDeclarationResolutionFuzzyTest" time="0.24"/>
  <testcase name="testAiOnlyOneFuzzyVictoryAward" classname="pwcg.aar.inmission.phase3.reconcile.victories.AiDeclarationResolutionFuzzyTest" time="0.24"/>
  <testcase name="testAiFuzzyVictoryAwardFailedBecuseNoCrewOtherThanPlayer" classname="pwcg.aar.inmission.phase3.reconcile.victories.AiDeclarationResolutionFuzzyTest" time="0.239"/>
  <system-out><![CDATA[]]></system-out>
  <system-err><![CDATA[]]></system-err>
</testsuite>
