<?xml version="1.0" encoding="UTF-8"?>
<testsuite name="pwcg.aar.inmission.phase1.parse.AARMostRecentFinderTest" tests="3" skipped="0" failures="0" errors="0" timestamp="2017-11-24T16:48:09" hostname="DigitalStorm-PC" time="0.736">
  <properties/>
  <testcase name="testGetLatestMissionLogSetNotFound" classname="pwcg.aar.inmission.phase1.parse.AARMostRecentFinderTest" time="0.241"/>
  <testcase name="testGetLatestMissionLogSetNoMatchingSet" classname="pwcg.aar.inmission.phase1.parse.AARMostRecentFinderTest" time="0.253"/>
  <testcase name="testGetLatestMissionLogSet" classname="pwcg.aar.inmission.phase1.parse.AARMostRecentFinderTest" time="0.242"/>
  <system-out><![CDATA[]]></system-out>
  <system-err><![CDATA[]]></system-err>
</testsuite>
