<?xml version="1.0" encoding="UTF-8"?>
<testsuite name="pwcg.aar.phase6.tabulate.ui.AcesKilledEventGeneratorTest" tests="2" skipped="0" failures="0" errors="0" timestamp="2017-09-10T23:49:41" hostname="DigitalStorm-PC" time="0.001">
  <properties/>
  <testcase name="aceKilledNotEnoughVictories" classname="pwcg.aar.phase6.tabulate.ui.AcesKilledEventGeneratorTest" time="0.001"/>
  <testcase name="aceKilled" classname="pwcg.aar.phase6.tabulate.ui.AcesKilledEventGeneratorTest" time="0.0"/>
  <system-out><![CDATA[]]></system-out>
  <system-err><![CDATA[]]></system-err>
</testsuite>
