<?xml version="1.0" encoding="UTF-8"?>
<testsuite name="pwcg.aar.outofmission.phase1.elapsedtime.PromotionEventHandlerStrategicTest" tests="6" skipped="0" failures="0" errors="0" timestamp="2017-11-24T16:49:10" hostname="DigitalStorm-PC" time="4.152">
  <properties/>
  <testcase name="promoteSousLieutenant" classname="pwcg.aar.outofmission.phase1.elapsedtime.PromotionEventHandlerStrategicTest" time="0.705"/>
  <testcase name="promoteSergent" classname="pwcg.aar.outofmission.phase1.elapsedtime.PromotionEventHandlerStrategicTest" time="0.69"/>
  <testcase name="promoteCorporalToSergent" classname="pwcg.aar.outofmission.phase1.elapsedtime.PromotionEventHandlerStrategicTest" time="0.687"/>
  <testcase name="promoteCapitaineFailNotEnoughMissions" classname="pwcg.aar.outofmission.phase1.elapsedtime.PromotionEventHandlerStrategicTest" time="0.685"/>
  <testcase name="promoteCapitaineFailNotPlayer" classname="pwcg.aar.outofmission.phase1.elapsedtime.PromotionEventHandlerStrategicTest" time="0.702"/>
  <testcase name="promoteCapitaine" classname="pwcg.aar.outofmission.phase1.elapsedtime.PromotionEventHandlerStrategicTest" time="0.683"/>
  <system-out><![CDATA[]]></system-out>
  <system-err><![CDATA[]]></system-err>
</testsuite>
