<?xml version="1.0" encoding="UTF-8"?>
<testsuite name="pwcg.aar.outofmission.phase3.tabulate.ui.AcesKilledEventGeneratorTest" tests="2" skipped="0" failures="0" errors="0" timestamp="2017-11-24T16:49:28" hostname="DigitalStorm-PC" time="0.495">
  <properties/>
  <testcase name="aceKilledNotEnoughVictories" classname="pwcg.aar.outofmission.phase3.tabulate.ui.AcesKilledEventGeneratorTest" time="0.252"/>
  <testcase name="aceKilled" classname="pwcg.aar.outofmission.phase3.tabulate.ui.AcesKilledEventGeneratorTest" time="0.243"/>
  <system-out><![CDATA[]]></system-out>
  <system-err><![CDATA[]]></system-err>
</testsuite>
