<?xml version="1.0" encoding="UTF-8"?>
<testsuite name="pwcg.aar.awards.CampaignMemberAwardsGeneratorInMissionTest" tests="4" skipped="0" failures="0" errors="0" timestamp="2017-11-24T16:47:58" hostname="DigitalStorm-PC" time="3.385">
  <properties/>
  <testcase name="testMedalAwardedForVictories" classname="pwcg.aar.awards.CampaignMemberAwardsGeneratorInMissionTest" time="0.966"/>
  <testcase name="testMissionsFlownIncreased" classname="pwcg.aar.awards.CampaignMemberAwardsGeneratorInMissionTest" time="0.837"/>
  <testcase name="testKilledMemberssAwardedWoundBadge" classname="pwcg.aar.awards.CampaignMemberAwardsGeneratorInMissionTest" time="0.757"/>
  <testcase name="testPromotionAwardedForVictoriesAndMissionsFlown" classname="pwcg.aar.awards.CampaignMemberAwardsGeneratorInMissionTest" time="0.823"/>
  <system-out><![CDATA[]]></system-out>
  <system-err><![CDATA[]]></system-err>
</testsuite>
