<?xml version="1.0" encoding="UTF-8"?>
<testsuite name="pwcg.aar.inmission.phase2.logeval.pilotstatus.AARPlayerStatusEvaluatorTest" tests="4" skipped="0" failures="0" errors="0" timestamp="2017-11-24T16:48:21" hostname="DigitalStorm-PC" time="0.975">
  <properties/>
  <testcase name="testPlayerIsInvulnerable" classname="pwcg.aar.inmission.phase2.logeval.pilotstatus.AARPlayerStatusEvaluatorTest" time="0.25"/>
  <testcase name="testPlayerIsWounded" classname="pwcg.aar.inmission.phase2.logeval.pilotstatus.AARPlayerStatusEvaluatorTest" time="0.241"/>
  <testcase name="testPlayerIsDead" classname="pwcg.aar.inmission.phase2.logeval.pilotstatus.AARPlayerStatusEvaluatorTest" time="0.241"/>
  <testcase name="testPlayerIsSerouslyWounded" classname="pwcg.aar.inmission.phase2.logeval.pilotstatus.AARPlayerStatusEvaluatorTest" time="0.241"/>
  <system-out><![CDATA[]]></system-out>
  <system-err><![CDATA[]]></system-err>
</testsuite>
