<?xml version="1.0" encoding="UTF-8"?>
<testsuite name="pwcg.aar.outofmission.phase3.tabulate.ui.TransferEventGeneratorTest" tests="2" skipped="0" failures="0" errors="0" timestamp="2017-11-24T16:49:28" hostname="DigitalStorm-PC" time="1.379">
  <properties/>
  <testcase name="testTransferInEvent" classname="pwcg.aar.outofmission.phase3.tabulate.ui.TransferEventGeneratorTest" time="0.696"/>
  <testcase name="testInSquadronAceUpdate" classname="pwcg.aar.outofmission.phase3.tabulate.ui.TransferEventGeneratorTest" time="0.683"/>
  <system-out><![CDATA[]]></system-out>
  <system-err><![CDATA[]]></system-err>
</testsuite>
