<?xml version="1.0" encoding="UTF-8"?>
<testsuite name="pwcg.aar.phase2.eval.AARBotVehicleMapperTest" tests="1" skipped="0" failures="0" errors="0" timestamp="2017-09-10T23:49:05" hostname="DigitalStorm-PC" time="0.005">
  <properties/>
  <testcase name="testMappingBotToPlaneForFighters" classname="pwcg.aar.phase2.eval.AARBotVehicleMapperTest" time="0.005"/>
  <system-out><![CDATA[]]></system-out>
  <system-err><![CDATA[]]></system-err>
</testsuite>
