<?xml version="1.0" encoding="UTF-8"?>
<testsuite name="pwcg.aar.phase2.eval.victory.AARFuzzyVictoryEvaluatorTest" tests="5" skipped="0" failures="0" errors="0" timestamp="2017-09-10T23:49:06" hostname="DigitalStorm-PC" time="0.002">
  <properties/>
  <testcase name="testUseFuzzyVictoryFalseBecauseUnknownVictor" classname="pwcg.aar.phase2.eval.victory.AARFuzzyVictoryEvaluatorTest" time="0.0"/>
  <testcase name="testUseFuzzyVictoryTrue" classname="pwcg.aar.phase2.eval.victory.AARFuzzyVictoryEvaluatorTest" time="0.0"/>
  <testcase name="testUseFuzzyVictoryFalseBecauseNullVictim" classname="pwcg.aar.phase2.eval.victory.AARFuzzyVictoryEvaluatorTest" time="0.0"/>
  <testcase name="testUseFuzzyVictoryFalseBecauseVehicleBuilderCouldNotIdentifyVictim" classname="pwcg.aar.phase2.eval.victory.AARFuzzyVictoryEvaluatorTest" time="0.0"/>
  <testcase name="testUseFuzzyVictoryFalseBecauseNotNullVictor" classname="pwcg.aar.phase2.eval.victory.AARFuzzyVictoryEvaluatorTest" time="0.0"/>
  <system-out><![CDATA[]]></system-out>
  <system-err><![CDATA[]]></system-err>
</testsuite>
