<?xml version="1.0" encoding="UTF-8"?>
<testsuite name="pwcg.aar.inmission.phase3.reconcile.personnel.PersonnelResultsInMissionHandlerTest" tests="1" skipped="0" failures="0" errors="0" timestamp="2017-11-24T16:48:24" hostname="DigitalStorm-PC" time="0.708">
  <properties/>
  <testcase name="testMixedStatusWithMaimed" classname="pwcg.aar.inmission.phase3.reconcile.personnel.PersonnelResultsInMissionHandlerTest" time="0.708"/>
  <system-out><![CDATA[]]></system-out>
  <system-err><![CDATA[]]></system-err>
</testsuite>
