<?xml version="1.0" encoding="UTF-8"?>
<testsuite name="pwcg.aar.phase2.eval.AARCrossedPathWithPlayerEvaluatorTest" tests="6" skipped="0" failures="0" errors="0" timestamp="2017-09-10T23:49:06" hostname="DigitalStorm-PC" time="0.002">
  <properties/>
  <testcase name="testCrossedPathFail" classname="pwcg.aar.phase2.eval.AARCrossedPathWithPlayerEvaluatorTest" time="0.0"/>
  <testcase name="testCrossedPathPlayerDamagedVictim" classname="pwcg.aar.phase2.eval.AARCrossedPathWithPlayerEvaluatorTest" time="0.0"/>
  <testcase name="testCrossedPathPlayerFlightWaypoint" classname="pwcg.aar.phase2.eval.AARCrossedPathWithPlayerEvaluatorTest" time="0.0"/>
  <testcase name="testCrossedPathVictorDamagedPlayer" classname="pwcg.aar.phase2.eval.AARCrossedPathWithPlayerEvaluatorTest" time="0.001"/>
  <testcase name="testCrossedPathFailBecauseOfMissingEntity" classname="pwcg.aar.phase2.eval.AARCrossedPathWithPlayerEvaluatorTest" time="0.0"/>
  <testcase name="testCrossedPathPlayerFlightWaypointFailedNotCloseEnough" classname="pwcg.aar.phase2.eval.AARCrossedPathWithPlayerEvaluatorTest" time="0.0"/>
  <system-out><![CDATA[]]></system-out>
  <system-err><![CDATA[]]></system-err>
</testsuite>
