<?xml version="1.0" encoding="UTF-8"?>
<testsuite name="pwcg.campaign.medals.RoFBritishMedalManagerTest" tests="5" skipped="0" failures="0" errors="0" timestamp="2017-11-24T16:49:56" hostname="DigitalStorm-PC" time="1.363">
  <properties/>
  <testcase name="testRAFMedals" classname="pwcg.campaign.medals.RoFBritishMedalManagerTest" time="0.283"/>
  <testcase name="testRNASMedals" classname="pwcg.campaign.medals.RoFBritishMedalManagerTest" time="0.253"/>
  <testcase name="testImages" classname="pwcg.campaign.medals.RoFBritishMedalManagerTest" time="0.306"/>
  <testcase name="testRFCFMedals" classname="pwcg.campaign.medals.RoFBritishMedalManagerTest" time="0.269"/>
  <testcase name="testVCFail" classname="pwcg.campaign.medals.RoFBritishMedalManagerTest" time="0.252"/>
  <system-out><![CDATA[]]></system-out>
  <system-err><![CDATA[]]></system-err>
</testsuite>
