<?xml version="1.0" encoding="UTF-8"?>
<testsuite name="pwcg.aar.inmission.phase2.logeval.AARCrewBuilderTest" tests="2" skipped="0" failures="0" errors="0" timestamp="2017-11-24T16:48:10" hostname="DigitalStorm-PC" time="0.493">
  <properties/>
  <testcase name="testAcesMembers" classname="pwcg.aar.inmission.phase2.logeval.AARCrewBuilderTest" time="0.251"/>
  <testcase name="testSquadronMembers" classname="pwcg.aar.inmission.phase2.logeval.AARCrewBuilderTest" time="0.242"/>
  <system-out><![CDATA[]]></system-out>
  <system-err><![CDATA[]]></system-err>
</testsuite>
