<?xml version="1.0" encoding="UTF-8"?>
<testsuite name="pwcg.aar.phase4.elapsedtime.HistoricalAceAwardsGeneratorTest" tests="1" skipped="0" failures="0" errors="0" timestamp="2017-09-10T23:49:09" hostname="DigitalStorm-PC" time="0.254">
  <properties/>
  <testcase name="testHistoricalAceUpdateOverTime" classname="pwcg.aar.phase4.elapsedtime.HistoricalAceAwardsGeneratorTest" time="0.254"/>
  <system-out><![CDATA[]]></system-out>
  <system-err><![CDATA[]]></system-err>
</testsuite>
