<?xml version="1.0" encoding="UTF-8"?>
<testsuite name="pwcg.aar.inmission.phase2.logeval.victory.AARFuzzyByPlayerDamagedTest" tests="4" skipped="0" failures="0" errors="0" timestamp="2017-11-24T16:48:22" hostname="DigitalStorm-PC" time="0.0">
  <properties/>
  <testcase name="testSetVehiclesCreditedByDamageTwoPlanes" classname="pwcg.aar.inmission.phase2.logeval.victory.AARFuzzyByPlayerDamagedTest" time="0.0"/>
  <testcase name="testSetVehiclesCreditedByDamage" classname="pwcg.aar.inmission.phase2.logeval.victory.AARFuzzyByPlayerDamagedTest" time="0.0"/>
  <testcase name="testSetVehiclesNotCreditedByDamage" classname="pwcg.aar.inmission.phase2.logeval.victory.AARFuzzyByPlayerDamagedTest" time="0.0"/>
  <testcase name="testSetVehiclesCreditedOneTrueOneFalse" classname="pwcg.aar.inmission.phase2.logeval.victory.AARFuzzyByPlayerDamagedTest" time="0.0"/>
  <system-out><![CDATA[]]></system-out>
  <system-err><![CDATA[]]></system-err>
</testsuite>
