<?xml version="1.0" encoding="UTF-8"?>
<testsuite name="pwcg.aar.inmission.phase3.reconcile.victories.GroundDeclarationResolverTest" tests="2" skipped="0" failures="0" errors="0" timestamp="2017-11-24T16:48:28" hostname="DigitalStorm-PC" time="0.482">
  <properties/>
  <testcase name="testMultipleGroundVictories" classname="pwcg.aar.inmission.phase3.reconcile.victories.GroundDeclarationResolverTest" time="0.244"/>
  <testcase name="testNoGroundVictories" classname="pwcg.aar.inmission.phase3.reconcile.victories.GroundDeclarationResolverTest" time="0.238"/>
  <system-out><![CDATA[]]></system-out>
  <system-err><![CDATA[]]></system-err>
</testsuite>
