<?xml version="1.0" encoding="UTF-8"?>
<testsuite name="pwcg.aar.inmission.phase3.reconcile.victories.PlayerClaimResolverFuzzyNotExactTest" tests="5" skipped="0" failures="0" errors="0" timestamp="2017-11-24T16:48:32" hostname="DigitalStorm-PC" time="1.214">
  <properties/>
  <testcase name="testPlayerFuzzyNotExactVictoryNotFoundBecauseVictoryAlreadyConfirmed" classname="pwcg.aar.inmission.phase3.reconcile.victories.PlayerClaimResolverFuzzyNotExactTest" time="0.241"/>
  <testcase name="testPlayerFuzzyNotExactVictoryFoundWithNotExactMatch" classname="pwcg.aar.inmission.phase3.reconcile.victories.PlayerClaimResolverFuzzyNotExactTest" time="0.244"/>
  <testcase name="testPlayerFuzzyNotExactVictoryFoundWithExactMatch" classname="pwcg.aar.inmission.phase3.reconcile.victories.PlayerClaimResolverFuzzyNotExactTest" time="0.241"/>
  <testcase name="testPlayerFuzzyNotExactVictoryNotFoundBecauseClaimPlaneNotFound" classname="pwcg.aar.inmission.phase3.reconcile.victories.PlayerClaimResolverFuzzyNotExactTest" time="0.249"/>
  <testcase name="testPlayerFuzzyNotExactVictoryNotFoundBecauseRoleIsDifferent" classname="pwcg.aar.inmission.phase3.reconcile.victories.PlayerClaimResolverFuzzyNotExactTest" time="0.239"/>
  <system-out><![CDATA[]]></system-out>
  <system-err><![CDATA[]]></system-err>
</testsuite>
