<?xml version="1.0" encoding="UTF-8"?>
<testsuite name="pwcg.aar.AARCoordinatorTest" tests="4" skipped="0" failures="0" errors="0" timestamp="2017-11-24T16:47:49" hostname="DigitalStorm-PC" time="8.827">
  <properties/>
  <testcase name="testFunctionalAARTwoFirmOneFuzzyAiGetsFuzzy" classname="pwcg.aar.AARCoordinatorTest" time="6.417"/>
  <testcase name="testFunctionalAARTwoFirmOneFuzzyOneClaimPlayerGetsOneAiGetsTwo" classname="pwcg.aar.AARCoordinatorTest" time="0.816"/>
  <testcase name="testFunctionalAARTwoFirmOneFuzzyPlayerGetsFuzzy" classname="pwcg.aar.AARCoordinatorTest" time="0.816"/>
  <testcase name="testFunctionalAARThreeVictoriesFourClaimsOneDenied" classname="pwcg.aar.AARCoordinatorTest" time="0.768"/>
  <system-out><![CDATA[]]></system-out>
  <system-err><![CDATA[]]></system-err>
</testsuite>
