<?xml version="1.0" encoding="UTF-8"?>
<testsuite name="pwcg.aar.inmission.phase2.logeval.AARVehicleBuilderTest" tests="2" skipped="0" failures="0" errors="0" timestamp="2017-11-24T16:48:14" hostname="DigitalStorm-PC" time="0.493">
  <properties/>
  <testcase name="testSortVehiclesNoPlanes" classname="pwcg.aar.inmission.phase2.logeval.AARVehicleBuilderTest" time="0.245"/>
  <testcase name="testSortVehicles" classname="pwcg.aar.inmission.phase2.logeval.AARVehicleBuilderTest" time="0.248"/>
  <system-out><![CDATA[]]></system-out>
  <system-err><![CDATA[]]></system-err>
</testsuite>
