<?xml version="1.0" encoding="UTF-8"?>
<testsuite name="pwcg.aar.inmission.phase1.parse.AARHeaderParserTest" tests="2" skipped="0" failures="0" errors="0" timestamp="2017-11-24T16:48:06" hostname="DigitalStorm-PC" time="0.493">
  <properties/>
  <testcase name="testSuccessfulHeaderParse" classname="pwcg.aar.inmission.phase1.parse.AARHeaderParserTest" time="0.248"/>
  <testcase name="testFailedHeaderParse" classname="pwcg.aar.inmission.phase1.parse.AARHeaderParserTest" time="0.245"/>
  <system-out><![CDATA[]]></system-out>
  <system-err><![CDATA[]]></system-err>
</testsuite>
