<?xml version="1.0" encoding="UTF-8"?>
<testsuite name="pwcg.aar.inmission.phase2.logeval.AARDamageStatusEvaluatorTest" tests="3" skipped="0" failures="0" errors="0" timestamp="2017-11-24T16:48:12" hostname="DigitalStorm-PC" time="0.733">
  <properties/>
  <testcase name="testSetVehiclesDamagedByPlayerWithNoVehicle" classname="pwcg.aar.inmission.phase2.logeval.AARDamageStatusEvaluatorTest" time="0.25"/>
  <testcase name="testSetVehiclesDamagedByPlayer" classname="pwcg.aar.inmission.phase2.logeval.AARDamageStatusEvaluatorTest" time="0.239"/>
  <testcase name="testSetVehiclesDamagedByPlayerWithDuplicates" classname="pwcg.aar.inmission.phase2.logeval.AARDamageStatusEvaluatorTest" time="0.242"/>
  <system-out><![CDATA[]]></system-out>
  <system-err><![CDATA[]]></system-err>
</testsuite>
