<?xml version="1.0" encoding="UTF-8"?>
<testsuite name="pwcg.campaign.medals.BoSGermanMedalManagerTest" tests="3" skipped="0" failures="0" errors="0" timestamp="2017-11-24T16:49:52" hostname="DigitalStorm-PC" time="0.628">
  <properties/>
  <testcase name="testGermanMedals" classname="pwcg.campaign.medals.BoSGermanMedalManagerTest" time="0.157"/>
  <testcase name="testKCDiamondsFail" classname="pwcg.campaign.medals.BoSGermanMedalManagerTest" time="0.152"/>
  <testcase name="testImages" classname="pwcg.campaign.medals.BoSGermanMedalManagerTest" time="0.319"/>
  <system-out><![CDATA[]]></system-out>
  <system-err><![CDATA[]]></system-err>
</testsuite>
