<?xml version="1.0" encoding="UTF-8"?>
<testsuite name="pwcg.campaign.medals.RoFFrenchMedalManagerTest" tests="3" skipped="0" failures="0" errors="0" timestamp="2017-11-24T16:49:57" hostname="DigitalStorm-PC" time="0.777">
  <properties/>
  <testcase name="testFrenchMedals" classname="pwcg.campaign.medals.RoFFrenchMedalManagerTest" time="0.253"/>
  <testcase name="testMMMFail" classname="pwcg.campaign.medals.RoFFrenchMedalManagerTest" time="0.253"/>
  <testcase name="testImages" classname="pwcg.campaign.medals.RoFFrenchMedalManagerTest" time="0.271"/>
  <system-out><![CDATA[]]></system-out>
  <system-err><![CDATA[]]></system-err>
</testsuite>
