<?xml version="1.0" encoding="UTF-8"?>
<testsuite name="pwcg.campaign.medals.BoSRussianMedalManagerTest" tests="3" skipped="0" failures="0" errors="0" timestamp="2017-11-24T16:49:53" hostname="DigitalStorm-PC" time="0.488">
  <properties/>
  <testcase name="testMMMFail" classname="pwcg.campaign.medals.BoSRussianMedalManagerTest" time="0.152"/>
  <testcase name="testRussianMedals" classname="pwcg.campaign.medals.BoSRussianMedalManagerTest" time="0.149"/>
  <testcase name="testImages" classname="pwcg.campaign.medals.BoSRussianMedalManagerTest" time="0.186"/>
  <system-out><![CDATA[]]></system-out>
  <system-err><![CDATA[]]></system-err>
</testsuite>
