<?xml version="1.0" encoding="UTF-8"?>
<testsuite name="pwcg.aar.inmission.phase3.reconcile.victories.PlayerDeclarationResolutionFuzzyVictoryTest" tests="6" skipped="0" failures="0" errors="0" timestamp="2017-11-24T16:48:36" hostname="DigitalStorm-PC" time="1.469">
  <properties/>
  <testcase name="testPlayerOneInexactTwoWrongCategory" classname="pwcg.aar.inmission.phase3.reconcile.victories.PlayerDeclarationResolutionFuzzyVictoryTest" time="0.245"/>
  <testcase name="testPlayerMoreDeclarationsThanVictories" classname="pwcg.aar.inmission.phase3.reconcile.victories.PlayerDeclarationResolutionFuzzyVictoryTest" time="0.24"/>
  <testcase name="testPlayerMultipleFuzzyVictoryAwards" classname="pwcg.aar.inmission.phase3.reconcile.victories.PlayerDeclarationResolutionFuzzyVictoryTest" time="0.252"/>
  <testcase name="testPlayerFuzzyVictoryAward" classname="pwcg.aar.inmission.phase3.reconcile.victories.PlayerDeclarationResolutionFuzzyVictoryTest" time="0.242"/>
  <testcase name="testPlayerTwoClaimsOneMatchOneNotExact" classname="pwcg.aar.inmission.phase3.reconcile.victories.PlayerDeclarationResolutionFuzzyVictoryTest" time="0.244"/>
  <testcase name="testPlayerTwoClaimsButWrongAircraftCategory" classname="pwcg.aar.inmission.phase3.reconcile.victories.PlayerDeclarationResolutionFuzzyVictoryTest" time="0.245"/>
  <system-out><![CDATA[]]></system-out>
  <system-err><![CDATA[]]></system-err>
</testsuite>
