<?xml version="1.0" encoding="UTF-8"?>
<testsuite name="pwcg.aar.phase3.reconcile.victories.PlayerClaimResolverFuzzyNotExactTest" tests="5" skipped="0" failures="0" errors="0" timestamp="2017-09-10T23:49:08" hostname="DigitalStorm-PC" time="0.001">
  <properties/>
  <testcase name="testPlayerFuzzyNotExactVictoryNotFoundBecauseVictoryAlreadyConfirmed" classname="pwcg.aar.phase3.reconcile.victories.PlayerClaimResolverFuzzyNotExactTest" time="0.0"/>
  <testcase name="testPlayerFuzzyNotExactVictoryFoundWithNotExactMatch" classname="pwcg.aar.phase3.reconcile.victories.PlayerClaimResolverFuzzyNotExactTest" time="0.0"/>
  <testcase name="testPlayerFuzzyNotExactVictoryFoundWithExactMatch" classname="pwcg.aar.phase3.reconcile.victories.PlayerClaimResolverFuzzyNotExactTest" time="0.0"/>
  <testcase name="testPlayerFuzzyNotExactVictoryNotFoundBecauseClaimPlaneNotFound" classname="pwcg.aar.phase3.reconcile.victories.PlayerClaimResolverFuzzyNotExactTest" time="0.0"/>
  <testcase name="testPlayerFuzzyNotExactVictoryNotFoundBecauseRoleIsDifferent" classname="pwcg.aar.phase3.reconcile.victories.PlayerClaimResolverFuzzyNotExactTest" time="0.0"/>
  <system-out><![CDATA[]]></system-out>
  <system-err><![CDATA[]]></system-err>
</testsuite>
