<?xml version="1.0" encoding="UTF-8"?>
<testsuite name="pwcg.aar.phase2.eval.AARDestroyedStatusEvaluatorTest" tests="3" skipped="0" failures="0" errors="0" timestamp="2017-09-10T23:49:06" hostname="DigitalStorm-PC" time="0.003">
  <properties/>
  <testcase name="testSetVehiclesDestroyedWithNullVictim" classname="pwcg.aar.phase2.eval.AARDestroyedStatusEvaluatorTest" time="0.0"/>
  <testcase name="testSetVehiclesDestroyed" classname="pwcg.aar.phase2.eval.AARDestroyedStatusEvaluatorTest" time="0.0"/>
  <testcase name="testSetVehiclesDestroyedWithCrossedPath" classname="pwcg.aar.phase2.eval.AARDestroyedStatusEvaluatorTest" time="0.001"/>
  <system-out><![CDATA[]]></system-out>
  <system-err><![CDATA[]]></system-err>
</testsuite>
