<?xml version="1.0" encoding="UTF-8"?>
<testsuite name="pwcg.aar.phase5.transfer.SquadronTransferHandlerTest" tests="2" skipped="0" failures="0" errors="0" timestamp="2017-09-10T23:49:38" hostname="DigitalStorm-PC" time="0.567">
  <properties/>
  <testcase name="testTransfersForSucess" classname="pwcg.aar.phase5.transfer.SquadronTransferHandlerTest" time="0.324"/>
  <testcase name="testTransfersInForLostSquadronMembers" classname="pwcg.aar.phase5.transfer.SquadronTransferHandlerTest" time="0.243"/>
  <system-out><![CDATA[]]></system-out>
  <system-err><![CDATA[]]></system-err>
</testsuite>
