<?xml version="1.0" encoding="UTF-8"?>
<testsuite name="pwcg.campaign.CampaignPersonnelFilterTest" tests="3" skipped="0" failures="0" errors="0" timestamp="2017-11-24T16:49:32" hostname="DigitalStorm-PC" time="0.0">
  <properties/>
  <testcase name="applyRoleFilter" classname="pwcg.campaign.CampaignPersonnelFilterTest" time="0.0"/>
  <testcase name="testStatusFilter" classname="pwcg.campaign.CampaignPersonnelFilterTest" time="0.0"/>
  <testcase name="applySquadronFilter" classname="pwcg.campaign.CampaignPersonnelFilterTest" time="0.0"/>
  <system-out><![CDATA[]]></system-out>
  <system-err><![CDATA[]]></system-err>
</testsuite>
