<?xml version="1.0" encoding="UTF-8"?>
<testsuite name="pwcg.aar.phase3.reconcile.personnel.PersonnelResultsInMissionHandlerTest" tests="1" skipped="0" failures="0" errors="0" timestamp="2017-09-10T23:49:07" hostname="DigitalStorm-PC" time="0.243">
  <properties/>
  <testcase name="testMixedStatusWithMaimed" classname="pwcg.aar.phase3.reconcile.personnel.PersonnelResultsInMissionHandlerTest" time="0.243"/>
  <system-out><![CDATA[]]></system-out>
  <system-err><![CDATA[]]></system-err>
</testsuite>
