<?xml version="1.0" encoding="UTF-8"?>
<testsuite name="pwcg.aar.outofmission.phase3.tabulate.ui.AARCombatReportPanelEventTabulatorTest" tests="1" skipped="0" failures="0" errors="0" timestamp="2017-11-24T16:49:20" hostname="DigitalStorm-PC" time="0.246">
  <properties/>
  <testcase name="germanMissionInFrance" classname="pwcg.aar.outofmission.phase3.tabulate.ui.AARCombatReportPanelEventTabulatorTest" time="0.246"/>
  <system-out><![CDATA[]]></system-out>
  <system-err><![CDATA[]]></system-err>
</testsuite>
