<?xml version="1.0" encoding="UTF-8"?>
<testsuite name="pwcg.aar.phase4.elapsedtime.PromotionEventHandlerStrategicTest" tests="6" skipped="0" failures="0" errors="0" timestamp="2017-09-10T23:49:33" hostname="DigitalStorm-PC" time="1.401">
  <properties/>
  <testcase name="promoteSousLieutenant" classname="pwcg.aar.phase4.elapsedtime.PromotionEventHandlerStrategicTest" time="0.254"/>
  <testcase name="promoteSergent" classname="pwcg.aar.phase4.elapsedtime.PromotionEventHandlerStrategicTest" time="0.219"/>
  <testcase name="promoteCorporalToSergent" classname="pwcg.aar.phase4.elapsedtime.PromotionEventHandlerStrategicTest" time="0.248"/>
  <testcase name="promoteCapitaineFailNotEnoughMissions" classname="pwcg.aar.phase4.elapsedtime.PromotionEventHandlerStrategicTest" time="0.217"/>
  <testcase name="promoteCapitaineFailNotPlayer" classname="pwcg.aar.phase4.elapsedtime.PromotionEventHandlerStrategicTest" time="0.248"/>
  <testcase name="promoteCapitaine" classname="pwcg.aar.phase4.elapsedtime.PromotionEventHandlerStrategicTest" time="0.215"/>
  <system-out><![CDATA[]]></system-out>
  <system-err><![CDATA[]]></system-err>
</testsuite>
