<?xml version="1.0" encoding="UTF-8"?>
<testsuite name="pwcg.aar.phase2.eval.pilotstatus.AARPilotStatusCapturedEvaluatorTest" tests="4" skipped="0" failures="0" errors="0" timestamp="2017-09-10T23:49:06" hostname="DigitalStorm-PC" time="0.005">
  <properties/>
  <testcase name="testCrewMemberAlwaysCaptured" classname="pwcg.aar.phase2.eval.pilotstatus.AARPilotStatusCapturedEvaluatorTest" time="0.001"/>
  <testcase name="testCrewMemberNotCapturedBecauseStillInTheAir" classname="pwcg.aar.phase2.eval.pilotstatus.AARPilotStatusCapturedEvaluatorTest" time="0.0"/>
  <testcase name="testCrewMemberNotCapturedBecauseNotBehindLines" classname="pwcg.aar.phase2.eval.pilotstatus.AARPilotStatusCapturedEvaluatorTest" time="0.001"/>
  <testcase name="testCrewMemberNotCapturedBecauseEscaped" classname="pwcg.aar.phase2.eval.pilotstatus.AARPilotStatusCapturedEvaluatorTest" time="0.002"/>
  <system-out><![CDATA[]]></system-out>
  <system-err><![CDATA[]]></system-err>
</testsuite>
