<?xml version="1.0" encoding="UTF-8"?>
<testsuite name="pwcg.aar.phase3.reconcile.victories.PlayerClaimResolverFuzzyTest" tests="5" skipped="0" failures="0" errors="0" timestamp="2017-09-10T23:49:08" hostname="DigitalStorm-PC" time="0.001">
  <properties/>
  <testcase name="testPlayerFuzzyVictoryNotFoundBecauseClaimPlaneNotFound" classname="pwcg.aar.phase3.reconcile.victories.PlayerClaimResolverFuzzyTest" time="0.001"/>
  <testcase name="testPlayerFuzzyVictoryNotFoundBecauseVictoryAlreadyConfirmed" classname="pwcg.aar.phase3.reconcile.victories.PlayerClaimResolverFuzzyTest" time="0.0"/>
  <testcase name="testPlayerFuzzyVictoryFound" classname="pwcg.aar.phase3.reconcile.victories.PlayerClaimResolverFuzzyTest" time="0.0"/>
  <testcase name="testPlayerFuzzyVictoryNotFoundBecausePlaneMismatch" classname="pwcg.aar.phase3.reconcile.victories.PlayerClaimResolverFuzzyTest" time="0.0"/>
  <testcase name="testPlayerFuzzyVictoryNotFoundBecauseVictoryPlaneNotFound" classname="pwcg.aar.phase3.reconcile.victories.PlayerClaimResolverFuzzyTest" time="0.0"/>
  <system-out><![CDATA[]]></system-out>
  <system-err><![CDATA[]]></system-err>
</testsuite>
