<?xml version="1.0" encoding="UTF-8"?>
<testsuite name="pwcg.aar.update.CampaignServiceChangeHandlerTest" tests="2" skipped="0" failures="0" errors="0" timestamp="2017-11-24T16:49:31" hostname="DigitalStorm-PC" time="1.078">
  <properties/>
  <testcase name="testLafayetteEscTransition" classname="pwcg.aar.update.CampaignServiceChangeHandlerTest" time="0.496"/>
  <testcase name="testRafTransition" classname="pwcg.aar.update.CampaignServiceChangeHandlerTest" time="0.582"/>
  <system-out><![CDATA[]]></system-out>
  <system-err><![CDATA[]]></system-err>
</testsuite>
