<?xml version="1.0" encoding="UTF-8"?>
<testsuite name="pwcg.aar.inmission.phase2.logeval.AARBotVehicleMapperTest" tests="1" skipped="0" failures="0" errors="0" timestamp="2017-11-24T16:48:09" hostname="DigitalStorm-PC" time="0.245">
  <properties/>
  <testcase name="testMappingBotToPlaneForFighters" classname="pwcg.aar.inmission.phase2.logeval.AARBotVehicleMapperTest" time="0.245"/>
  <system-out><![CDATA[]]></system-out>
  <system-err><![CDATA[]]></system-err>
</testsuite>
