<?xml version="1.0" encoding="UTF-8"?>
<testsuite name="pwcg.aar.inmission.phase2.logeval.victory.AARVictoryEvaluatorTest" tests="1" skipped="0" failures="0" errors="0" timestamp="2017-11-24T16:48:22" hostname="DigitalStorm-PC" time="0.0">
  <properties/>
  <testcase name="tbd" classname="pwcg.aar.inmission.phase2.logeval.victory.AARVictoryEvaluatorTest" time="0.0"/>
  <system-out><![CDATA[]]></system-out>
  <system-err><![CDATA[]]></system-err>
</testsuite>
