<?xml version="1.0" encoding="UTF-8"?>
<testsuite name="pwcg.campaign.ArmedServiceManagerTest" tests="11" skipped="0" failures="0" errors="0" timestamp="2017-11-24T16:49:32" hostname="DigitalStorm-PC" time="0.002">
  <properties/>
  <testcase name="testGetRAFFromRNASArmedServiceByIdTest" classname="pwcg.campaign.ArmedServiceManagerTest" time="0.001"/>
  <testcase name="testGetAllArmedService" classname="pwcg.campaign.ArmedServiceManagerTest" time="0.0"/>
  <testcase name="testGetRAFFromRFCArmedServiceByIdTest" classname="pwcg.campaign.ArmedServiceManagerTest" time="0.0"/>
  <testcase name="testGetArmedServiceByNameTest" classname="pwcg.campaign.ArmedServiceManagerTest" time="0.0"/>
  <testcase name="testGetRFCArmedServiceByIdTest" classname="pwcg.campaign.ArmedServiceManagerTest" time="0.0"/>
  <testcase name="testGetAxisArmedService" classname="pwcg.campaign.ArmedServiceManagerTest" time="0.0"/>
  <testcase name="testGetRNASArmedServiceByIdTest" classname="pwcg.campaign.ArmedServiceManagerTest" time="0.0"/>
  <testcase name="testGetArmedServiceByService" classname="pwcg.campaign.ArmedServiceManagerTest" time="0.0"/>
  <testcase name="testGetArmedServiceByIdTest" classname="pwcg.campaign.ArmedServiceManagerTest" time="0.001"/>
  <testcase name="testGetAlliedArmedService" classname="pwcg.campaign.ArmedServiceManagerTest" time="0.0"/>
  <testcase name="testGetArmedService" classname="pwcg.campaign.ArmedServiceManagerTest" time="0.0"/>
  <system-out><![CDATA[]]></system-out>
  <system-err><![CDATA[]]></system-err>
</testsuite>
