<?xml version="1.0" encoding="UTF-8"?>
<testsuite name="pwcg.aar.update.CampaignSquadronPersonnelUpdaterTest" tests="6" skipped="6" failures="0" errors="0" timestamp="2017-11-24T16:49:32" hostname="DigitalStorm-PC" time="0.0">
  <properties/>
  <testcase name="testNonSquadronAceKilled" classname="pwcg.aar.update.CampaignSquadronPersonnelUpdaterTest" time="0.0">
    <skipped/>
  </testcase>
  <testcase name="testSquadronMemberCaptured" classname="pwcg.aar.update.CampaignSquadronPersonnelUpdaterTest" time="0.0">
    <skipped/>
  </testcase>
  <testcase name="testSquadronAceKilled" classname="pwcg.aar.update.CampaignSquadronPersonnelUpdaterTest" time="0.0">
    <skipped/>
  </testcase>
  <testcase name="testSquadronMemberKilled" classname="pwcg.aar.update.CampaignSquadronPersonnelUpdaterTest" time="0.0">
    <skipped/>
  </testcase>
  <testcase name="testSquadronMemberMaimed" classname="pwcg.aar.update.CampaignSquadronPersonnelUpdaterTest" time="0.0">
    <skipped/>
  </testcase>
  <testcase name="testSquadronMemberTransferred" classname="pwcg.aar.update.CampaignSquadronPersonnelUpdaterTest" time="0.0">
    <skipped/>
  </testcase>
  <system-out><![CDATA[]]></system-out>
  <system-err><![CDATA[]]></system-err>
</testsuite>
