<?xml version="1.0" encoding="UTF-8"?>
<testsuite name="pwcg.aar.phase6.tabulate.ui.AARCombatReportPanelEventTabulatorTest" tests="1" skipped="0" failures="0" errors="0" timestamp="2017-09-10T23:49:39" hostname="DigitalStorm-PC" time="0.0">
  <properties/>
  <testcase name="germanMissionInFrance" classname="pwcg.aar.phase6.tabulate.ui.AARCombatReportPanelEventTabulatorTest" time="0.0"/>
  <system-out><![CDATA[]]></system-out>
  <system-err><![CDATA[]]></system-err>
</testsuite>
