<?xml version="1.0" encoding="UTF-8"?>
<testsuite name="pwcg.aar.outofmission.phase1.elapsedtime.PromotionEventHandlerTest" tests="4" skipped="0" failures="0" errors="0" timestamp="2017-11-24T16:49:14" hostname="DigitalStorm-PC" time="2.792">
  <properties/>
  <testcase name="promoteCorporalToSergentRecon" classname="pwcg.aar.outofmission.phase1.elapsedtime.PromotionEventHandlerTest" time="0.692"/>
  <testcase name="promoteCorporalToSergentFighter" classname="pwcg.aar.outofmission.phase1.elapsedtime.PromotionEventHandlerTest" time="0.7"/>
  <testcase name="promoteCorporalToSergentFailedDueToDifferentRole" classname="pwcg.aar.outofmission.phase1.elapsedtime.PromotionEventHandlerTest" time="0.699"/>
  <testcase name="promoteCorporalToSergentStrategic" classname="pwcg.aar.outofmission.phase1.elapsedtime.PromotionEventHandlerTest" time="0.701"/>
  <system-out><![CDATA[]]></system-out>
  <system-err><![CDATA[]]></system-err>
</testsuite>
