<?xml version="1.0" encoding="UTF-8"?>
<testsuite name="pwcg.aar.phase3.reconcile.victories.GroundDeclarationResolverTest" tests="2" skipped="0" failures="0" errors="0" timestamp="2017-09-10T23:49:08" hostname="DigitalStorm-PC" time="0.0">
  <properties/>
  <testcase name="testMultipleGroundVictories" classname="pwcg.aar.phase3.reconcile.victories.GroundDeclarationResolverTest" time="0.0"/>
  <testcase name="testNoGroundVictories" classname="pwcg.aar.phase3.reconcile.victories.GroundDeclarationResolverTest" time="0.0"/>
  <system-out><![CDATA[]]></system-out>
  <system-err><![CDATA[]]></system-err>
</testsuite>
