<?xml version="1.0" encoding="UTF-8"?>
<testsuite name="pwcg.aar.phase3.reconcile.victories.PlayerClaimResolverFirmTest" tests="5" skipped="0" failures="0" errors="0" timestamp="2017-09-10T23:49:08" hostname="DigitalStorm-PC" time="0.013">
  <properties/>
  <testcase name="testPlayerFirmVictoryNotFoundBecauseVictoryAlreadyConfirmed" classname="pwcg.aar.phase3.reconcile.victories.PlayerClaimResolverFirmTest" time="0.0"/>
  <testcase name="testPlayerFirmVictoryNotFoundBecauseClaimPlaneNotFound" classname="pwcg.aar.phase3.reconcile.victories.PlayerClaimResolverFirmTest" time="0.005"/>
  <testcase name="testPlayerFirmVictoryFound" classname="pwcg.aar.phase3.reconcile.victories.PlayerClaimResolverFirmTest" time="0.0"/>
  <testcase name="testPlayerFirmVictoryNotFoundBecausePlaneMismatch" classname="pwcg.aar.phase3.reconcile.victories.PlayerClaimResolverFirmTest" time="0.0"/>
  <testcase name="testPlayerFirmVictoryNotFoundBecauseVictoryPlaneNotFound" classname="pwcg.aar.phase3.reconcile.victories.PlayerClaimResolverFirmTest" time="0.008"/>
  <system-out><![CDATA[]]></system-out>
  <system-err><![CDATA[resolveAsFirmVictory: No plane found for claimed type notarealplane
resolveAsFirmVictory: No plane found for claimed type se5a
]]></system-err>
</testsuite>
