<?xml version="1.0" encoding="UTF-8"?>
<testsuite name="pwcg.aar.phase3.reconcile.victories.PlayerDeclarationResolutionFirmVictoryTest" tests="5" skipped="0" failures="0" errors="0" timestamp="2017-09-10T23:49:08" hostname="DigitalStorm-PC" time="0.004">
  <properties/>
  <testcase name="testPlayerZeroAwardForTwoDeclarationsButNoVictories" classname="pwcg.aar.phase3.reconcile.victories.PlayerDeclarationResolutionFirmVictoryTest" time="0.001"/>
  <testcase name="testPlayerMoreDeclarationsThanVictories" classname="pwcg.aar.phase3.reconcile.victories.PlayerDeclarationResolutionFirmVictoryTest" time="0.001"/>
  <testcase name="testPlayerFirmVictoryAward" classname="pwcg.aar.phase3.reconcile.victories.PlayerDeclarationResolutionFirmVictoryTest" time="0.0"/>
  <testcase name="testPlayerMultipleFirmVictoryAwards" classname="pwcg.aar.phase3.reconcile.victories.PlayerDeclarationResolutionFirmVictoryTest" time="0.0"/>
  <testcase name="testPlayerOneAwardForTwoDeclarationsButOnlyOneVictory" classname="pwcg.aar.phase3.reconcile.victories.PlayerDeclarationResolutionFirmVictoryTest" time="0.0"/>
  <system-out><![CDATA[]]></system-out>
  <system-err><![CDATA[]]></system-err>
</testsuite>
