<?xml version="1.0" encoding="UTF-8"?>
<testsuite name="pwcg.aar.inmission.phase3.reconcile.victories.PlayerClaimResolverFirmTest" tests="5" skipped="0" failures="0" errors="0" timestamp="2017-11-24T16:48:31" hostname="DigitalStorm-PC" time="1.217">
  <properties/>
  <testcase name="testPlayerFirmVictoryNotFoundBecauseVictoryAlreadyConfirmed" classname="pwcg.aar.inmission.phase3.reconcile.victories.PlayerClaimResolverFirmTest" time="0.243"/>
  <testcase name="testPlayerFirmVictoryNotFoundBecauseClaimPlaneNotFound" classname="pwcg.aar.inmission.phase3.reconcile.victories.PlayerClaimResolverFirmTest" time="0.252"/>
  <testcase name="testPlayerFirmVictoryFound" classname="pwcg.aar.inmission.phase3.reconcile.victories.PlayerClaimResolverFirmTest" time="0.239"/>
  <testcase name="testPlayerFirmVictoryNotFoundBecausePlaneMismatch" classname="pwcg.aar.inmission.phase3.reconcile.victories.PlayerClaimResolverFirmTest" time="0.238"/>
  <testcase name="testPlayerFirmVictoryNotFoundBecauseVictoryPlaneNotFound" classname="pwcg.aar.inmission.phase3.reconcile.victories.PlayerClaimResolverFirmTest" time="0.245"/>
  <system-out><![CDATA[]]></system-out>
  <system-err><![CDATA[resolveAsFirmVictory: No plane found for claimed type notarealplane
resolveAsFirmVictory: No plane found for claimed type se5a
]]></system-err>
</testsuite>
