<?xml version="1.0" encoding="UTF-8"?>
<testsuite name="pwcg.aar.inmission.phase3.reconcile.victories.ClaimDenierTest" tests="3" skipped="0" failures="0" errors="0" timestamp="2017-11-24T16:48:28" hostname="DigitalStorm-PC" time="0.001">
  <properties/>
  <testcase name="testClaimDeniedBalloon" classname="pwcg.aar.inmission.phase3.reconcile.victories.ClaimDenierTest" time="0.001"/>
  <testcase name="testClamAccepted" classname="pwcg.aar.inmission.phase3.reconcile.victories.ClaimDenierTest" time="0.0"/>
  <testcase name="testClaimDeniedPlane" classname="pwcg.aar.inmission.phase3.reconcile.victories.ClaimDenierTest" time="0.0"/>
  <system-out><![CDATA[]]></system-out>
  <system-err><![CDATA[]]></system-err>
</testsuite>
