<?xml version="1.0" encoding="UTF-8"?>
<testsuite name="pwcg.aar.outofmission.phase1.elapsedtime.PersonnelOutOfMissionLossesHandlerTest" tests="4" skipped="0" failures="0" errors="0" timestamp="2017-11-24T16:48:46" hostname="DigitalStorm-PC" time="14.817">
  <properties/>
  <testcase name="testPilotsOutOfSquadronHarmed" classname="pwcg.aar.outofmission.phase1.elapsedtime.PersonnelOutOfMissionLossesHandlerTest" time="4.665"/>
  <testcase name="testPilotsInSquadronHarmed" classname="pwcg.aar.outofmission.phase1.elapsedtime.PersonnelOutOfMissionLossesHandlerTest" time="4.689"/>
  <testcase name="testPilotsInSquadronNotHarmedBecauseNotAvailable" classname="pwcg.aar.outofmission.phase1.elapsedtime.PersonnelOutOfMissionLossesHandlerTest" time="4.744"/>
  <testcase name="testAceInSquadronKilled" classname="pwcg.aar.outofmission.phase1.elapsedtime.PersonnelOutOfMissionLossesHandlerTest" time="0.717"/>
  <system-out><![CDATA[]]></system-out>
  <system-err><![CDATA[]]></system-err>
</testsuite>
