<?xml version="1.0" encoding="UTF-8"?>
<testsuite name="pwcg.aar.phase2.eval.victory.AARAreaOfCombatTest" tests="5" skipped="0" failures="0" errors="0" timestamp="2017-09-10T23:49:06" hostname="DigitalStorm-PC" time="0.001">
  <properties/>
  <testcase name="testAreaOfCombatOneCoordTrue" classname="pwcg.aar.phase2.eval.victory.AARAreaOfCombatTest" time="0.0"/>
  <testcase name="testAreaOfCombatOneCoordFalse" classname="pwcg.aar.phase2.eval.victory.AARAreaOfCombatTest" time="0.0"/>
  <testcase name="testAreaOfCombatOneCoordCentered" classname="pwcg.aar.phase2.eval.victory.AARAreaOfCombatTest" time="0.0"/>
  <testcase name="testAreaOfCombatManyCoordFalse" classname="pwcg.aar.phase2.eval.victory.AARAreaOfCombatTest" time="0.0"/>
  <testcase name="testAreaOfCombatManyCoordTrue" classname="pwcg.aar.phase2.eval.victory.AARAreaOfCombatTest" time="0.0"/>
  <system-out><![CDATA[]]></system-out>
  <system-err><![CDATA[]]></system-err>
</testsuite>
