<?xml version="1.0" encoding="UTF-8"?>
<testsuite name="pwcg.aar.outofmission.phase1.elapsedtime.PersonnelOutOfMissionAiStatusHandlerTest" tests="1" skipped="0" failures="0" errors="0" timestamp="2017-11-24T16:48:45" hostname="DigitalStorm-PC" time="0.72">
  <properties/>
  <testcase name="testPersonnelLossesOutOfMission" classname="pwcg.aar.outofmission.phase1.elapsedtime.PersonnelOutOfMissionAiStatusHandlerTest" time="0.72"/>
  <system-out><![CDATA[]]></system-out>
  <system-err><![CDATA[]]></system-err>
</testsuite>
