<?xml version="1.0" encoding="UTF-8"?>
<testsuite name="pwcg.aar.inmission.phase3.reconcile.victories.PlayerClaimResolverFirmNotExactTest" tests="5" skipped="0" failures="0" errors="0" timestamp="2017-11-24T16:48:30" hostname="DigitalStorm-PC" time="1.225">
  <properties/>
  <testcase name="testPlayerFirmNotExactVictoryNotFoundBecauseClaimPlaneNotFound" classname="pwcg.aar.inmission.phase3.reconcile.victories.PlayerClaimResolverFirmNotExactTest" time="0.243"/>
  <testcase name="testPlayerFirmNotExactVictoryFoundWithExactMatch" classname="pwcg.aar.inmission.phase3.reconcile.victories.PlayerClaimResolverFirmNotExactTest" time="0.244"/>
  <testcase name="testPlayerFirmNotExactVictoryNotFoundBecauseRoleIsDifferent" classname="pwcg.aar.inmission.phase3.reconcile.victories.PlayerClaimResolverFirmNotExactTest" time="0.243"/>
  <testcase name="testPlayerFirmNotExactVictoryNotFoundBecauseVictoryAlreadyConfirmed" classname="pwcg.aar.inmission.phase3.reconcile.victories.PlayerClaimResolverFirmNotExactTest" time="0.252"/>
  <testcase name="testPlayerFirmNotExactVictoryFoundWithNotExactMatch" classname="pwcg.aar.inmission.phase3.reconcile.victories.PlayerClaimResolverFirmNotExactTest" time="0.243"/>
  <system-out><![CDATA[]]></system-out>
  <system-err><![CDATA[]]></system-err>
</testsuite>
