<?xml version="1.0" encoding="UTF-8"?>
<testsuite name="pwcg.aar.phase4.elapsedtime.OutOfMissionVictoryGeneratorTest" tests="2" skipped="0" failures="0" errors="0" timestamp="2017-09-10T23:49:09" hostname="DigitalStorm-PC" time="0.461">
  <properties/>
  <testcase name="testVictoryAwarded" classname="pwcg.aar.phase4.elapsedtime.OutOfMissionVictoryGeneratorTest" time="0.235"/>
  <testcase name="testNotVictoryAwardedNoSquadronFound" classname="pwcg.aar.phase4.elapsedtime.OutOfMissionVictoryGeneratorTest" time="0.226"/>
  <system-out><![CDATA[]]></system-out>
  <system-err><![CDATA[]]></system-err>
</testsuite>
