<?xml version="1.0" encoding="UTF-8"?>
<testsuite name="pwcg.aar.phase4.elapsedtime.PersonnelOutOfMissionStatusCalculatorTest" tests="5" skipped="0" failures="0" errors="0" timestamp="2017-09-10T23:49:23" hostname="DigitalStorm-PC" time="6.69">
  <properties/>
  <testcase name="testInactivePilotsNeverLost" classname="pwcg.aar.phase4.elapsedtime.PersonnelOutOfMissionStatusCalculatorTest" time="0.001"/>
  <testcase name="testPilotOutOfMissionOK" classname="pwcg.aar.phase4.elapsedtime.PersonnelOutOfMissionStatusCalculatorTest" time="0.0"/>
  <testcase name="testPilotOutOfMissionLostAllPossibleStatus" classname="pwcg.aar.phase4.elapsedtime.PersonnelOutOfMissionStatusCalculatorTest" time="6.687"/>
  <testcase name="testPlayerNeverLost" classname="pwcg.aar.phase4.elapsedtime.PersonnelOutOfMissionStatusCalculatorTest" time="0.001"/>
  <testcase name="testAceNeverLost" classname="pwcg.aar.phase4.elapsedtime.PersonnelOutOfMissionStatusCalculatorTest" time="0.0"/>
  <system-out><![CDATA[Killed: 127
Captured: 76
Wounded: 63
Active: 85089
]]></system-out>
  <system-err><![CDATA[]]></system-err>
</testsuite>
