<?xml version="1.0" encoding="UTF-8"?>
<testsuite name="pwcg.aar.phase6.tabulate.ui.AARPilotLossPanelEventTabulatorTest" tests="2" skipped="0" failures="0" errors="0" timestamp="2017-09-10T23:49:40" hostname="DigitalStorm-PC" time="0.43">
  <properties/>
  <testcase name="testMergedSquadronMembersLostWithDuplicates" classname="pwcg.aar.phase6.tabulate.ui.AARPilotLossPanelEventTabulatorTest" time="0.215"/>
  <testcase name="testMergedSquadronMembersLost" classname="pwcg.aar.phase6.tabulate.ui.AARPilotLossPanelEventTabulatorTest" time="0.215"/>
  <system-out><![CDATA[]]></system-out>
  <system-err><![CDATA[]]></system-err>
</testsuite>
