<?xml version="1.0" encoding="UTF-8"?>
<testsuite name="pwcg.aar.outofmission.phase3.tabulate.ui.AARAceLeavePanelEventTabulatorTest" tests="2" skipped="0" failures="0" errors="0" timestamp="2017-11-24T16:49:20" hostname="DigitalStorm-PC" time="0.478">
  <properties/>
  <testcase name="oneAceOnLeave" classname="pwcg.aar.outofmission.phase3.tabulate.ui.AARAceLeavePanelEventTabulatorTest" time="0.24"/>
  <testcase name="noAcesOnLeave" classname="pwcg.aar.outofmission.phase3.tabulate.ui.AARAceLeavePanelEventTabulatorTest" time="0.238"/>
  <system-out><![CDATA[]]></system-out>
  <system-err><![CDATA[]]></system-err>
</testsuite>
