<?xml version="1.0" encoding="UTF-8"?>
<testsuite name="pwcg.aar.phase4.elapsedtime.PromotionEventHandlerTest" tests="4" skipped="0" failures="0" errors="0" timestamp="2017-09-10T23:49:34" hostname="DigitalStorm-PC" time="0.949">
  <properties/>
  <testcase name="promoteCorporalToSergentRecon" classname="pwcg.aar.phase4.elapsedtime.PromotionEventHandlerTest" time="0.255"/>
  <testcase name="promoteCorporalToSergentFighter" classname="pwcg.aar.phase4.elapsedtime.PromotionEventHandlerTest" time="0.221"/>
  <testcase name="promoteCorporalToSergentFailedDueToDifferentRole" classname="pwcg.aar.phase4.elapsedtime.PromotionEventHandlerTest" time="0.252"/>
  <testcase name="promoteCorporalToSergentStrategic" classname="pwcg.aar.phase4.elapsedtime.PromotionEventHandlerTest" time="0.221"/>
  <system-out><![CDATA[]]></system-out>
  <system-err><![CDATA[]]></system-err>
</testsuite>
