<?xml version="1.0" encoding="UTF-8"?>
<testsuite name="pwcg.aar.inmission.phase2.logeval.AARVehiclePlaneLandedTest" tests="1" skipped="0" failures="0" errors="0" timestamp="2017-11-24T16:48:15" hostname="DigitalStorm-PC" time="0.242">
  <properties/>
  <testcase name="testAssignLandingLocation" classname="pwcg.aar.inmission.phase2.logeval.AARVehiclePlaneLandedTest" time="0.242"/>
  <system-out><![CDATA[]]></system-out>
  <system-err><![CDATA[]]></system-err>
</testsuite>
