<?xml version="1.0" encoding="UTF-8"?>
<testsuite name="pwcg.aar.inmission.phase2.logeval.victory.AARRandomAssignmentCalculatorTest" tests="4" skipped="0" failures="0" errors="0" timestamp="2017-11-24T16:48:22" hostname="DigitalStorm-PC" time="0.001">
  <properties/>
  <testcase name="testMarkFalseBecauseVictimMismatch" classname="pwcg.aar.inmission.phase2.logeval.victory.AARRandomAssignmentCalculatorTest" time="0.0"/>
  <testcase name="testMarkFalseBecauseTooFarAwayFromWaypoint" classname="pwcg.aar.inmission.phase2.logeval.victory.AARRandomAssignmentCalculatorTest" time="0.0"/>
  <testcase name="testMarkTrueBecauseCloseToWaypoint" classname="pwcg.aar.inmission.phase2.logeval.victory.AARRandomAssignmentCalculatorTest" time="0.001"/>
  <testcase name="testMarkTrueBecauseCloseToCombat" classname="pwcg.aar.inmission.phase2.logeval.victory.AARRandomAssignmentCalculatorTest" time="0.0"/>
  <system-out><![CDATA[]]></system-out>
  <system-err><![CDATA[]]></system-err>
</testsuite>
