<?xml version="1.0" encoding="UTF-8"?>
<testsuite name="pwcg.aar.phase1.parser.AARMissionLogFileSetTest" tests="4" skipped="0" failures="0" errors="0" timestamp="2017-09-10T23:49:05" hostname="DigitalStorm-PC" time="0.0">
  <properties/>
  <testcase name="testSuccessfulCompleteMissionSet" classname="pwcg.aar.phase1.parser.AARMissionLogFileSetTest" time="0.0"/>
  <testcase name="testFailedCompleteMissionSetNoMissionData" classname="pwcg.aar.phase1.parser.AARMissionLogFileSetTest" time="0.0"/>
  <testcase name="testDateParse" classname="pwcg.aar.phase1.parser.AARMissionLogFileSetTest" time="0.0"/>
  <testcase name="testFailedCompleteMissionSetNoLogs" classname="pwcg.aar.phase1.parser.AARMissionLogFileSetTest" time="0.0"/>
  <system-out><![CDATA[]]></system-out>
  <system-err><![CDATA[]]></system-err>
</testsuite>
