<?xml version="1.0" encoding="UTF-8"?>
<testsuite name="pwcg.aar.outofmission.phase1.elapsedtime.OutOfMissionVictoryGeneratorTest" tests="2" skipped="0" failures="0" errors="0" timestamp="2017-11-24T16:48:43" hostname="DigitalStorm-PC" time="1.405">
  <properties/>
  <testcase name="testVictoryAwarded" classname="pwcg.aar.outofmission.phase1.elapsedtime.OutOfMissionVictoryGeneratorTest" time="0.709"/>
  <testcase name="testNotVictoryAwardedNoSquadronFound" classname="pwcg.aar.outofmission.phase1.elapsedtime.OutOfMissionVictoryGeneratorTest" time="0.696"/>
  <system-out><![CDATA[]]></system-out>
  <system-err><![CDATA[]]></system-err>
</testsuite>
