<?xml version="1.0" encoding="UTF-8"?>
<testsuite name="pwcg.aar.outofmission.phase1.elapsedtime.SquadronMoveHandlerTest" tests="4" skipped="0" failures="0" errors="0" timestamp="2017-11-24T16:49:17" hostname="DigitalStorm-PC" time="0.958">
  <properties/>
  <testcase name="squadronMoveNoFerryBecauseTooFar" classname="pwcg.aar.outofmission.phase1.elapsedtime.SquadronMoveHandlerTest" time="0.239"/>
  <testcase name="squadronMoveNeedsFerry" classname="pwcg.aar.outofmission.phase1.elapsedtime.SquadronMoveHandlerTest" time="0.239"/>
  <testcase name="noSquadronMove" classname="pwcg.aar.outofmission.phase1.elapsedtime.SquadronMoveHandlerTest" time="0.238"/>
  <testcase name="squadronMoveNoFerryBecuaseDifferentMap" classname="pwcg.aar.outofmission.phase1.elapsedtime.SquadronMoveHandlerTest" time="0.242"/>
  <system-out><![CDATA[]]></system-out>
  <system-err><![CDATA[]]></system-err>
</testsuite>
