<?xml version="1.0" encoding="UTF-8"?>
<testsuite name="pwcg.aar.phase3.reconcile.victories.AiDeclarationResolutionRandomTest" tests="2" skipped="0" failures="0" errors="0" timestamp="2017-09-10T23:49:08" hostname="DigitalStorm-PC" time="0.002">
  <properties/>
  <testcase name="testAiRandomVictoryAward" classname="pwcg.aar.phase3.reconcile.victories.AiDeclarationResolutionRandomTest" time="0.001"/>
  <testcase name="testAiRandomVictoryAwardFailedBecusePlaneNotFound" classname="pwcg.aar.phase3.reconcile.victories.AiDeclarationResolutionRandomTest" time="0.001"/>
  <system-out><![CDATA[]]></system-out>
  <system-err><![CDATA[]]></system-err>
</testsuite>
