<?xml version="1.0" encoding="UTF-8"?>
<testsuite name="pwcg.campaign.BattleManagerTest" tests="4" skipped="0" failures="0" errors="0" timestamp="2017-11-24T16:49:32" hostname="DigitalStorm-PC" time="0.025">
  <properties/>
  <testcase name="getBattleTestDateWrong" classname="pwcg.campaign.BattleManagerTest" time="0.024"/>
  <testcase name="getBattleTestCoordinatesWrong" classname="pwcg.campaign.BattleManagerTest" time="0.001"/>
  <testcase name="getBattleTest" classname="pwcg.campaign.BattleManagerTest" time="0.0"/>
  <testcase name="getBattleTestMapWrong" classname="pwcg.campaign.BattleManagerTest" time="0.0"/>
  <system-out><![CDATA[]]></system-out>
  <system-err><![CDATA[]]></system-err>
</testsuite>
