<?xml version="1.0" encoding="UTF-8"?>
<testsuite name="pwcg.aar.outofmission.phase3.tabulate.ui.AARMedalPanelEventTabulatorTest" tests="2" skipped="0" failures="0" errors="0" timestamp="2017-11-24T16:49:21" hostname="DigitalStorm-PC" time="1.369">
  <properties/>
  <testcase name="testMedalsAwardedButOneIsNotInSquadron" classname="pwcg.aar.outofmission.phase3.tabulate.ui.AARMedalPanelEventTabulatorTest" time="0.681"/>
  <testcase name="testMedalsAwarded" classname="pwcg.aar.outofmission.phase3.tabulate.ui.AARMedalPanelEventTabulatorTest" time="0.688"/>
  <system-out><![CDATA[]]></system-out>
  <system-err><![CDATA[]]></system-err>
</testsuite>
