<?xml version="1.0" encoding="UTF-8"?>
<testsuite name="pwcg.aar.inmission.phase1.parse.AARMissionFileLogResultMatcherTest" tests="3" skipped="0" failures="0" errors="0" timestamp="2017-11-24T16:48:07" hostname="DigitalStorm-PC" time="0.736">
  <properties/>
  <testcase name="testMissionResultFileMatch" classname="pwcg.aar.inmission.phase1.parse.AARMissionFileLogResultMatcherTest" time="0.247"/>
  <testcase name="testMissionResultFileMatchFailEmptyList" classname="pwcg.aar.inmission.phase1.parse.AARMissionFileLogResultMatcherTest" time="0.246"/>
  <testcase name="testMissionResultFileMatchFail" classname="pwcg.aar.inmission.phase1.parse.AARMissionFileLogResultMatcherTest" time="0.243"/>
  <system-out><![CDATA[]]></system-out>
  <system-err><![CDATA[]]></system-err>
</testsuite>
