<?xml version="1.0" encoding="UTF-8"?>
<testsuite name="pwcg.campaign.medals.RoFBelgianMedalManagerTest" tests="3" skipped="0" failures="0" errors="0" timestamp="2017-11-24T16:49:55" hostname="DigitalStorm-PC" time="0.797">
  <properties/>
  <testcase name="testMoHFail" classname="pwcg.campaign.medals.RoFBelgianMedalManagerTest" time="0.252"/>
  <testcase name="testBelgianMedals" classname="pwcg.campaign.medals.RoFBelgianMedalManagerTest" time="0.257"/>
  <testcase name="testImages" classname="pwcg.campaign.medals.RoFBelgianMedalManagerTest" time="0.286"/>
  <system-out><![CDATA[]]></system-out>
  <system-err><![CDATA[]]></system-err>
</testsuite>
