<?xml version="1.0" encoding="UTF-8"?>
<testsuite name="pwcg.campaign.context.BehindEnemyLinesTest" tests="5" skipped="0" failures="0" errors="0" timestamp="2017-11-24T16:49:39" hostname="DigitalStorm-PC" time="0.001">
  <properties/>
  <testcase name="testNearGroup" classname="pwcg.campaign.context.BehindEnemyLinesTest" time="0.0"/>
  <testcase name="testNearAirfield" classname="pwcg.campaign.context.BehindEnemyLinesTest" time="0.0"/>
  <testcase name="testFriendlyTerritory" classname="pwcg.campaign.context.BehindEnemyLinesTest" time="0.0"/>
  <testcase name="testInNoMansLand" classname="pwcg.campaign.context.BehindEnemyLinesTest" time="0.0"/>
  <testcase name="testBehindEnemyLines" classname="pwcg.campaign.context.BehindEnemyLinesTest" time="0.0"/>
  <system-out><![CDATA[You found friendly positions after coming down near the contested town of Proyart
You found friendly positions after coming down near the contested airfield of Pomacle
You escaped capture because you were fortunate enough to avoid enemy positions
You escaped capture after landing in no mans land

]]></system-out>
  <system-err><![CDATA[]]></system-err>
</testsuite>
