<?xml version="1.0" encoding="UTF-8"?>
<testsuite name="pwcg.aar.phase2.eval.pilotstatus.AARPilotStatusDeadEvaluatorTest" tests="8" skipped="0" failures="0" errors="0" timestamp="2017-09-10T23:49:06" hostname="DigitalStorm-PC" time="0.006">
  <properties/>
  <testcase name="testSquadronMemberKilledByAccidentAwayFromField" classname="pwcg.aar.phase2.eval.pilotstatus.AARPilotStatusDeadEvaluatorTest" time="0.003"/>
  <testcase name="testAiKilledByAccident" classname="pwcg.aar.phase2.eval.pilotstatus.AARPilotStatusDeadEvaluatorTest" time="0.0"/>
  <testcase name="testPlayerKilledByKnownVictor" classname="pwcg.aar.phase2.eval.pilotstatus.AARPilotStatusDeadEvaluatorTest" time="0.001"/>
  <testcase name="testSquadronMemberKilledByKnownVictor" classname="pwcg.aar.phase2.eval.pilotstatus.AARPilotStatusDeadEvaluatorTest" time="0.0"/>
  <testcase name="testAiKilledByKnownVictor" classname="pwcg.aar.phase2.eval.pilotstatus.AARPilotStatusDeadEvaluatorTest" time="0.001"/>
  <testcase name="testPlayerKilledByAccident" classname="pwcg.aar.phase2.eval.pilotstatus.AARPilotStatusDeadEvaluatorTest" time="0.0"/>
  <testcase name="testSquadronMemberKilledByAccidentNearField" classname="pwcg.aar.phase2.eval.pilotstatus.AARPilotStatusDeadEvaluatorTest" time="0.001"/>
  <testcase name="testNoDeath" classname="pwcg.aar.phase2.eval.pilotstatus.AARPilotStatusDeadEvaluatorTest" time="0.0"/>
  <system-out><![CDATA[]]></system-out>
  <system-err><![CDATA[]]></system-err>
</testsuite>
