<?xml version="1.0" encoding="UTF-8"?>
<testsuite name="pwcg.aar.inmission.phase1.parse.AARMissionLogFileSetTest" tests="4" skipped="0" failures="0" errors="0" timestamp="2017-11-24T16:48:08" hostname="DigitalStorm-PC" time="0.98">
  <properties/>
  <testcase name="testSuccessfulCompleteMissionSet" classname="pwcg.aar.inmission.phase1.parse.AARMissionLogFileSetTest" time="0.242"/>
  <testcase name="testFailedCompleteMissionSetNoMissionData" classname="pwcg.aar.inmission.phase1.parse.AARMissionLogFileSetTest" time="0.251"/>
  <testcase name="testDateParse" classname="pwcg.aar.inmission.phase1.parse.AARMissionLogFileSetTest" time="0.244"/>
  <testcase name="testFailedCompleteMissionSetNoLogs" classname="pwcg.aar.inmission.phase1.parse.AARMissionLogFileSetTest" time="0.243"/>
  <system-out><![CDATA[]]></system-out>
  <system-err><![CDATA[]]></system-err>
</testsuite>
