<?xml version="1.0" encoding="UTF-8"?>
<testsuite name="pwcg.aar.inmission.phase3.reconcile.personnel.PersonnelAceLossInMissionHandlerTest" tests="1" skipped="0" failures="0" errors="0" timestamp="2017-11-24T16:48:23" hostname="DigitalStorm-PC" time="0.709">
  <properties/>
  <testcase name="testPilotIsPlayer" classname="pwcg.aar.inmission.phase3.reconcile.personnel.PersonnelAceLossInMissionHandlerTest" time="0.709"/>
  <system-out><![CDATA[]]></system-out>
  <system-err><![CDATA[]]></system-err>
</testsuite>
