<?xml version="1.0" encoding="UTF-8"?>
<testsuite name="pwcg.aar.inmission.phase2.logeval.AARRandomAssignmentCalculatorTest" tests="4" skipped="0" failures="0" errors="0" timestamp="2017-11-24T16:48:13" hostname="DigitalStorm-PC" time="0.967">
  <properties/>
  <testcase name="testNotSetForRandomAssignmentBecauseTooFarAndNotInAreaOfCombat" classname="pwcg.aar.inmission.phase2.logeval.AARRandomAssignmentCalculatorTest" time="0.241"/>
  <testcase name="testSetForRandomAssignmentBecauseCloseEnough" classname="pwcg.aar.inmission.phase2.logeval.AARRandomAssignmentCalculatorTest" time="0.244"/>
  <testcase name="testNotSetForRandomAssignmentBecauseTooWrongVictim" classname="pwcg.aar.inmission.phase2.logeval.AARRandomAssignmentCalculatorTest" time="0.241"/>
  <testcase name="testSetForRandomAssignmentBecauseInAreaOfCombat" classname="pwcg.aar.inmission.phase2.logeval.AARRandomAssignmentCalculatorTest" time="0.241"/>
  <system-out><![CDATA[]]></system-out>
  <system-err><![CDATA[]]></system-err>
</testsuite>
