<?xml version="1.0" encoding="UTF-8"?>
<testsuite name="pwcg.aar.outofmission.phase3.tabulate.ui.InMissionSquadronPilotStatusEventGeneratorTest" tests="3" skipped="0" failures="0" errors="0" timestamp="2017-11-24T16:49:28" hostname="DigitalStorm-PC" time="0.002">
  <properties/>
  <testcase name="testPilotAndPlayerOK" classname="pwcg.aar.outofmission.phase3.tabulate.ui.InMissionSquadronPilotStatusEventGeneratorTest" time="0.001"/>
  <testcase name="testPilotAndPlayerWounded" classname="pwcg.aar.outofmission.phase3.tabulate.ui.InMissionSquadronPilotStatusEventGeneratorTest" time="0.0"/>
  <testcase name="testPilotAndPlayerKilled" classname="pwcg.aar.outofmission.phase3.tabulate.ui.InMissionSquadronPilotStatusEventGeneratorTest" time="0.001"/>
  <system-out><![CDATA[]]></system-out>
  <system-err><![CDATA[]]></system-err>
</testsuite>
