<?xml version="1.0" encoding="UTF-8"?>
<testsuite name="pwcg.aar.phase3.reconcile.victories.PlayerDeclarationResolutionFuzzyVictoryTest" tests="6" skipped="0" failures="0" errors="0" timestamp="2017-09-10T23:49:08" hostname="DigitalStorm-PC" time="0.004">
  <properties/>
  <testcase name="testPlayerOneInexactTwoWrongCategory" classname="pwcg.aar.phase3.reconcile.victories.PlayerDeclarationResolutionFuzzyVictoryTest" time="0.0"/>
  <testcase name="testPlayerMoreDeclarationsThanVictories" classname="pwcg.aar.phase3.reconcile.victories.PlayerDeclarationResolutionFuzzyVictoryTest" time="0.0"/>
  <testcase name="testPlayerMultipleFuzzyVictoryAwards" classname="pwcg.aar.phase3.reconcile.victories.PlayerDeclarationResolutionFuzzyVictoryTest" time="0.0"/>
  <testcase name="testPlayerFuzzyVictoryAward" classname="pwcg.aar.phase3.reconcile.victories.PlayerDeclarationResolutionFuzzyVictoryTest" time="0.001"/>
  <testcase name="testPlayerTwoClaimsOneMatchOneNotExact" classname="pwcg.aar.phase3.reconcile.victories.PlayerDeclarationResolutionFuzzyVictoryTest" time="0.001"/>
  <testcase name="testPlayerTwoClaimsButWrongAircraftCategory" classname="pwcg.aar.phase3.reconcile.victories.PlayerDeclarationResolutionFuzzyVictoryTest" time="0.0"/>
  <system-out><![CDATA[]]></system-out>
  <system-err><![CDATA[]]></system-err>
</testsuite>
