<?xml version="1.0" encoding="UTF-8"?>
<testsuite name="pwcg.aar.inmission.phase2.logeval.AARDestroyedStatusEvaluatorTest" tests="3" skipped="0" failures="0" errors="0" timestamp="2017-11-24T16:48:13" hostname="DigitalStorm-PC" time="0.734">
  <properties/>
  <testcase name="testSetVehiclesDestroyedWithNullVictim" classname="pwcg.aar.inmission.phase2.logeval.AARDestroyedStatusEvaluatorTest" time="0.249"/>
  <testcase name="testSetVehiclesDestroyed" classname="pwcg.aar.inmission.phase2.logeval.AARDestroyedStatusEvaluatorTest" time="0.241"/>
  <testcase name="testSetVehiclesDestroyedWithCrossedPath" classname="pwcg.aar.inmission.phase2.logeval.AARDestroyedStatusEvaluatorTest" time="0.243"/>
  <system-out><![CDATA[]]></system-out>
  <system-err><![CDATA[]]></system-err>
</testsuite>
