<?xml version="1.0" encoding="UTF-8"?>
<testsuite name="pwcg.campaign.squadmember.PilotNamesTest" tests="1" skipped="0" failures="0" errors="0" timestamp="2017-11-24T16:50:01" hostname="DigitalStorm-PC" time="0.001">
  <properties/>
  <testcase name="noAsciiInNamesTest" classname="pwcg.campaign.squadmember.PilotNamesTest" time="0.001"/>
  <system-out><![CDATA[]]></system-out>
  <system-err><![CDATA[]]></system-err>
</testsuite>
