<?xml version="1.0" encoding="UTF-8"?>
<testsuite name="pwcg.aar.phase4.elapsedtime.PromotionEventHandlerFighterTest" tests="7" skipped="0" failures="0" errors="0" timestamp="2017-09-10T23:49:29" hostname="DigitalStorm-PC" time="1.709">
  <properties/>
  <testcase name="promoteSousLieutenant" classname="pwcg.aar.phase4.elapsedtime.PromotionEventHandlerFighterTest" time="0.22"/>
  <testcase name="promoteSergent" classname="pwcg.aar.phase4.elapsedtime.PromotionEventHandlerFighterTest" time="0.262"/>
  <testcase name="promoteCorporalToSergent" classname="pwcg.aar.phase4.elapsedtime.PromotionEventHandlerFighterTest" time="0.256"/>
  <testcase name="promoteCapitaineFailNotEnoughMissions" classname="pwcg.aar.phase4.elapsedtime.PromotionEventHandlerFighterTest" time="0.222"/>
  <testcase name="promoteCapitaineFailNotEnoughictories" classname="pwcg.aar.phase4.elapsedtime.PromotionEventHandlerFighterTest" time="0.245"/>
  <testcase name="promoteCapitaineFailNotPlayer" classname="pwcg.aar.phase4.elapsedtime.PromotionEventHandlerFighterTest" time="0.275"/>
  <testcase name="promoteCapitaine" classname="pwcg.aar.phase4.elapsedtime.PromotionEventHandlerFighterTest" time="0.228"/>
  <system-out><![CDATA[]]></system-out>
  <system-err><![CDATA[]]></system-err>
</testsuite>
