<?xml version="1.0" encoding="UTF-8"?>
<testsuite name="pwcg.aar.outofmission.phase1.elapsedtime.PersonnelOutOfMissionStatusCalculatorTest" tests="8" skipped="0" failures="0" errors="0" timestamp="2017-11-24T16:49:01" hostname="DigitalStorm-PC" time="0.087">
  <properties/>
  <testcase name="testInactivePilotsNeverLost" classname="pwcg.aar.outofmission.phase1.elapsedtime.PersonnelOutOfMissionStatusCalculatorTest" time="0.001"/>
  <testcase name="testPilotOutOfMissionLostAce" classname="pwcg.aar.outofmission.phase1.elapsedtime.PersonnelOutOfMissionStatusCalculatorTest" time="0.02"/>
  <testcase name="testPilotOutOfMissionOK" classname="pwcg.aar.outofmission.phase1.elapsedtime.PersonnelOutOfMissionStatusCalculatorTest" time="0.0"/>
  <testcase name="testPilotOutOfMissionLostVeteran" classname="pwcg.aar.outofmission.phase1.elapsedtime.PersonnelOutOfMissionStatusCalculatorTest" time="0.019"/>
  <testcase name="testPlayerNeverLost" classname="pwcg.aar.outofmission.phase1.elapsedtime.PersonnelOutOfMissionStatusCalculatorTest" time="0.0"/>
  <testcase name="testAceNeverLost" classname="pwcg.aar.outofmission.phase1.elapsedtime.PersonnelOutOfMissionStatusCalculatorTest" time="0.0"/>
  <testcase name="testPilotOutOfMissionLostCommon" classname="pwcg.aar.outofmission.phase1.elapsedtime.PersonnelOutOfMissionStatusCalculatorTest" time="0.033"/>
  <testcase name="testPilotOutOfMissionLostNovice" classname="pwcg.aar.outofmission.phase1.elapsedtime.PersonnelOutOfMissionStatusCalculatorTest" time="0.013"/>
  <system-out><![CDATA[

Ace: 
Killed: 0
Captured: 0
Wounded: 2
Active: 998


Veteran: 
Killed: 1
Captured: 0
Wounded: 1
Active: 998


Common: 
Killed: 7
Captured: 7
Wounded: 5
Active: 981


Novice: 
Killed: 17
Captured: 6
Wounded: 6
Active: 971
]]></system-out>
  <system-err><![CDATA[]]></system-err>
</testsuite>
