<?xml version="1.0" encoding="UTF-8"?>
<testsuite name="pwcg.campaign.medals.RoFGermanMedalManagerTest" tests="7" skipped="0" failures="0" errors="0" timestamp="2017-11-24T16:49:58" hostname="DigitalStorm-PC" time="1.855">
  <properties/>
  <testcase name="testGermanMedals" classname="pwcg.campaign.medals.RoFGermanMedalManagerTest" time="0.253"/>
  <testcase name="testBavarianMedals" classname="pwcg.campaign.medals.RoFGermanMedalManagerTest" time="0.251"/>
  <testcase name="testSaxonyMedals" classname="pwcg.campaign.medals.RoFGermanMedalManagerTest" time="0.252"/>
  <testcase name="testWurttemburgMedals" classname="pwcg.campaign.medals.RoFGermanMedalManagerTest" time="0.256"/>
  <testcase name="testPrussianMedals" classname="pwcg.campaign.medals.RoFGermanMedalManagerTest" time="0.262"/>
  <testcase name="testImages" classname="pwcg.campaign.medals.RoFGermanMedalManagerTest" time="0.33"/>
  <testcase name="testIronCrossFirstClassFail" classname="pwcg.campaign.medals.RoFGermanMedalManagerTest" time="0.251"/>
  <system-out><![CDATA[]]></system-out>
  <system-err><![CDATA[]]></system-err>
</testsuite>
