<?xml version="1.0" encoding="UTF-8"?>
<testsuite name="pwcg.aar.phase6.tabulate.ui.AARNewsPanelEventTabulatorTest" tests="3" skipped="0" failures="0" errors="0" timestamp="2017-09-10T23:49:39" hostname="DigitalStorm-PC" time="0.662">
  <properties/>
  <testcase name="testMergedAcesKilled" classname="pwcg.aar.phase6.tabulate.ui.AARNewsPanelEventTabulatorTest" time="0.221"/>
  <testcase name="testMergedAcesKilledOneDuplicate" classname="pwcg.aar.phase6.tabulate.ui.AARNewsPanelEventTabulatorTest" time="0.216"/>
  <testcase name="testMergedAcesKilledOneNotNewsworthy" classname="pwcg.aar.phase6.tabulate.ui.AARNewsPanelEventTabulatorTest" time="0.225"/>
  <system-out><![CDATA[]]></system-out>
  <system-err><![CDATA[]]></system-err>
</testsuite>
