<?xml version="1.0" encoding="UTF-8"?>
<testsuite name="pwcg.aar.phase2.eval.pilotstatus.AARPilotStatusWoundedEvaluatorTest" tests="4" skipped="0" failures="0" errors="0" timestamp="2017-09-10T23:49:06" hostname="DigitalStorm-PC" time="0.001">
  <properties/>
  <testcase name="testCrewMemberNotWounded" classname="pwcg.aar.phase2.eval.pilotstatus.AARPilotStatusWoundedEvaluatorTest" time="0.001"/>
  <testcase name="testCrewMemberSeriouslyWounded" classname="pwcg.aar.phase2.eval.pilotstatus.AARPilotStatusWoundedEvaluatorTest" time="0.0"/>
  <testcase name="testCrewMemberWoundedLowerBound" classname="pwcg.aar.phase2.eval.pilotstatus.AARPilotStatusWoundedEvaluatorTest" time="0.0"/>
  <testcase name="testCrewMemberWoundedUpperBound" classname="pwcg.aar.phase2.eval.pilotstatus.AARPilotStatusWoundedEvaluatorTest" time="0.0"/>
  <system-out><![CDATA[]]></system-out>
  <system-err><![CDATA[]]></system-err>
</testsuite>
