<?xml version="1.0" encoding="UTF-8"?>
<testsuite name="pwcg.aar.outofmission.phase3.tabulate.ui.AARPilotLossPanelEventTabulatorTest" tests="2" skipped="0" failures="0" errors="0" timestamp="2017-11-24T16:49:24" hostname="DigitalStorm-PC" time="1.375">
  <properties/>
  <testcase name="testMergedSquadronMembersLostWithDuplicates" classname="pwcg.aar.outofmission.phase3.tabulate.ui.AARPilotLossPanelEventTabulatorTest" time="0.682"/>
  <testcase name="testMergedSquadronMembersLost" classname="pwcg.aar.outofmission.phase3.tabulate.ui.AARPilotLossPanelEventTabulatorTest" time="0.693"/>
  <system-out><![CDATA[]]></system-out>
  <system-err><![CDATA[]]></system-err>
</testsuite>
