<?xml version="1.0" encoding="UTF-8"?>
<testsuite name="pwcg.aar.update.CampaignAceUpdaterTest" tests="2" skipped="0" failures="0" errors="0" timestamp="2017-11-24T16:49:29" hostname="DigitalStorm-PC" time="1.367">
  <properties/>
  <testcase name="testOutOfSquadronAceUpdate" classname="pwcg.aar.update.CampaignAceUpdaterTest" time="0.687"/>
  <testcase name="testInSquadronAceUpdate" classname="pwcg.aar.update.CampaignAceUpdaterTest" time="0.68"/>
  <system-out><![CDATA[]]></system-out>
  <system-err><![CDATA[]]></system-err>
</testsuite>
