<?xml version="1.0" encoding="UTF-8"?>
<testsuite name="pwcg.aar.outofmission.phase1.elapsedtime.PromotionEventHandlerReconTest" tests="6" skipped="0" failures="0" errors="0" timestamp="2017-11-24T16:49:06" hostname="DigitalStorm-PC" time="4.185">
  <properties/>
  <testcase name="promoteSousLieutenant" classname="pwcg.aar.outofmission.phase1.elapsedtime.PromotionEventHandlerReconTest" time="0.691"/>
  <testcase name="promoteSergent" classname="pwcg.aar.outofmission.phase1.elapsedtime.PromotionEventHandlerReconTest" time="0.719"/>
  <testcase name="promoteCorporalToSergent" classname="pwcg.aar.outofmission.phase1.elapsedtime.PromotionEventHandlerReconTest" time="0.691"/>
  <testcase name="promoteCapitaineFailNotEnoughMissions" classname="pwcg.aar.outofmission.phase1.elapsedtime.PromotionEventHandlerReconTest" time="0.706"/>
  <testcase name="promoteCapitaineFailNotPlayer" classname="pwcg.aar.outofmission.phase1.elapsedtime.PromotionEventHandlerReconTest" time="0.684"/>
  <testcase name="promoteCapitaine" classname="pwcg.aar.outofmission.phase1.elapsedtime.PromotionEventHandlerReconTest" time="0.693"/>
  <system-out><![CDATA[]]></system-out>
  <system-err><![CDATA[]]></system-err>
</testsuite>
