<?xml version="1.0" encoding="UTF-8"?>
<testsuite name="pwcg.aar.outofmission.phase1.elapsedtime.HistoricalAceAwardsGeneratorTest" tests="1" skipped="0" failures="0" errors="0" timestamp="2017-11-24T16:48:39" hostname="DigitalStorm-PC" time="0.722">
  <properties/>
  <testcase name="testHistoricalAceUpdateOverTime" classname="pwcg.aar.outofmission.phase1.elapsedtime.HistoricalAceAwardsGeneratorTest" time="0.722"/>
  <system-out><![CDATA[]]></system-out>
  <system-err><![CDATA[]]></system-err>
</testsuite>
