<?xml version="1.0" encoding="UTF-8"?>
<testsuite name="pwcg.aar.inmission.phase3.reconcile.victories.AiDeclarationResolutionFirmTest" tests="3" skipped="0" failures="0" errors="0" timestamp="2017-11-24T16:48:26" hostname="DigitalStorm-PC" time="0.003">
  <properties/>
  <testcase name="testAiFirmVictoryAward" classname="pwcg.aar.inmission.phase3.reconcile.victories.AiDeclarationResolutionFirmTest" time="0.001"/>
  <testcase name="testAiFirmBalloonAward" classname="pwcg.aar.inmission.phase3.reconcile.victories.AiDeclarationResolutionFirmTest" time="0.001"/>
  <testcase name="testAiFirmVictoryAwardFailedBecusePlaneNotFound" classname="pwcg.aar.inmission.phase3.reconcile.victories.AiDeclarationResolutionFirmTest" time="0.001"/>
  <system-out><![CDATA[]]></system-out>
  <system-err><![CDATA[]]></system-err>
</testsuite>
